#
# A fatal error has been detected by the Java Runtime Environment:
#
#  EXCEPTION_INVALID_HANDLE (0xc0000008) at pc=0x0000000077c3d7d8, pid=7308, tid=6800
#
# JRE version: Java(TM) SE Runtime Environment (8.0_45-b15) (build 1.8.0_45-b15)
# Java VM: Java HotSpot(TM) 64-Bit Server VM (25.45-b02 mixed mode windows-amd64 compressed oops)
# Problematic frame:
# C  [ntdll.dll+0xcd7d8]
#
# Failed to write core dump. Minidumps are not enabled by default on client versions of Windows
#
# If you would like to submit a bug report, please visit:
#   http://bugreport.java.com/bugreport/crash.jsp
#

---------------  T H R E A D  ---------------

Current thread (0x00000000562e8800):  JavaThread "C2 CompilerThread1" daemon [_thread_in_vm, id=6800, stack(0x0000000056e40000,0x0000000056f40000)]

siginfo: ExceptionCode=0xc0000008

Registers:
RAX=0x00000000c0000008, RBX=0x00000000c0000008, RCX=0x0000000056f3e8c0, RDX=0x0000000000000000
RSP=0x0000000056f3e800, RBP=0x0000000000000002, RSI=0x00000000fffffffb, RDI=0x00000000002a0208
R8 =0x0000000056f3ed98, R9 =0x0000000000000002, R10=0x0000000000000000, R11=0x0000000000000246
R12=0x0000000000000001, R13=0x00000000575d15a0, R14=0x00000000002a3c00, R15=0x0000000000000000
RIP=0x0000000077c3d7d8, EFLAGS=0x0000000000000206

Top of Stack: (sp=0x0000000056f3e800)
0x0000000056f3e800:   0000000056f3e820 0000000056f3e8c0
0x0000000056f3e810:   0101010000000001 0000000000000000
0x0000000056f3e820:   00000001c0000008 0000000000000000
0x0000000056f3e830:   0000000077c3d7d8 0000000000000000
0x0000000056f3e840:   0000000000000000 0000000000000000
0x0000000056f3e850:   000000230000002b 0000000400000145
0x0000000056f3e860:   00000000000124f8 0000010800000002
0x0000000056f3e870:   0101000100000000 0000000000000000
0x0000000056f3e880:   0000000000000000 0000000000000000
0x0000000056f3e890:   0000000000000000 0000000000000000
0x0000000056f3e8a0:   0000000000000000 0000000000000000
0x0000000056f3e8b0:   0000000000000000 0000000000000000
0x0000000056f3e8c0:   0000000000000000 0000000000000000
0x0000000056f3e8d0:   0000000000001f01 0000000000010001
0x0000000056f3e8e0:   0000000000000003 0000000200000000
0x0000000056f3e8f0:   00001fa00010000f 0053002b002b0033 

Instructions: (pc=0x0000000077c3d7d8)
0x0000000077c3d7b8:   90 90 90 90 90 90 90 90 ff f3 48 81 ec 90 05 00
0x0000000077c3d7c8:   00 8b d9 48 8d 8c 24 c0 00 00 00 e8 38 30 f8 ff
0x0000000077c3d7d8:   48 8b 84 24 b8 01 00 00 33 d2 48 89 54 24 28 89
0x0000000077c3d7e8:   54 24 38 89 5c 24 20 48 89 44 24 30 c7 44 24 24 


Register to memory mapping:

RAX=0x00000000c0000008 is an unknown value
RBX=0x00000000c0000008 is an unknown value
RCX=0x0000000056f3e8c0 is pointing into the stack for thread: 0x00000000562e8800
RDX=0x0000000000000000 is an unknown value
RSP=0x0000000056f3e800 is pointing into the stack for thread: 0x00000000562e8800
RBP=0x0000000000000002 is an unknown value
RSI=0x00000000fffffffb is an unallocated location in the heap
RDI=0x00000000002a0208 is an unknown value
R8 =0x0000000056f3ed98 is pointing into the stack for thread: 0x00000000562e8800
R9 =0x0000000000000002 is an unknown value
R10=0x0000000000000000 is an unknown value
R11=0x0000000000000246 is an unknown value
R12=0x0000000000000001 is an unknown value
R13=0x00000000575d15a0 is an unknown value
R14=0x00000000002a3c00 is an unknown value
R15=0x0000000000000000 is an unknown value


Stack: [0x0000000056e40000,0x0000000056f40000],  sp=0x0000000056f3e800,  free space=1018k
Native frames: (J=compiled Java code, j=interpreted, Vv=VM code, C=native code)
C  [ntdll.dll+0xcd7d8]
C  [ntdll.dll+0x68e1a]
C  [ntdll.dll+0x549ed]
C  [ntdll.dll+0x5413d]
C  [kernel32.dll+0x2301a]
C  [msvcr100.dll+0x68d94]
V  [jvm.dll+0xcba94]
V  [jvm.dll+0xcbb41]
V  [jvm.dll+0xa480f]
V  [jvm.dll+0xa4c8f]
V  [jvm.dll+0x241984]
V  [jvm.dll+0x29853a]
C  [msvcr100.dll+0x21d9f]
C  [msvcr100.dll+0x21e3b]
C  [kernel32.dll+0x1652d]
C  [ntdll.dll+0x2c521]


Current CompileTask:
C2:  10161 1501 %     4       javax.swing.text.BoxView::paint @ 58 (249 bytes)


---------------  P R O C E S S  ---------------

Java Threads: ( => current thread )
  0x000000005640a000 JavaThread "Thread-2" [_thread_blocked, id=7864, stack(0x0000000059170000,0x0000000059270000)]
  0x0000000057327000 JavaThread "TimerQueue" daemon [_thread_blocked, id=3880, stack(0x00000000587d0000,0x00000000588d0000)]
  0x00000000002ae800 JavaThread "DestroyJavaVM" [_thread_blocked, id=6872, stack(0x0000000002390000,0x0000000002490000)]
  0x000000005664c000 JavaThread "AWT-EventQueue-0" [_thread_in_native, id=7816, stack(0x0000000058180000,0x0000000058280000)]
  0x0000000056696800 JavaThread "AWT-Windows" daemon [_thread_in_native, id=8032, stack(0x0000000057df0000,0x0000000057ef0000)]
  0x0000000056695800 JavaThread "AWT-Shutdown" [_thread_blocked, id=7020, stack(0x0000000057bd0000,0x0000000057cd0000)]
  0x0000000056695000 JavaThread "Java2D Disposer" daemon [_thread_blocked, id=6152, stack(0x0000000057a90000,0x0000000057b90000)]
  0x0000000054ebf800 JavaThread "Service Thread" daemon [_thread_blocked, id=7000, stack(0x0000000057150000,0x0000000057250000)]
  0x00000000562ea800 JavaThread "C1 CompilerThread2" daemon [_thread_blocked, id=5168, stack(0x0000000056fd0000,0x00000000570d0000)]
=>0x00000000562e8800 JavaThread "C2 CompilerThread1" daemon [_thread_in_vm, id=6800, stack(0x0000000056e40000,0x0000000056f40000)]
  0x00000000562e1800 JavaThread "C2 CompilerThread0" daemon [_thread_blocked, id=5480, stack(0x0000000056c50000,0x0000000056d50000)]
  0x0000000054eb3800 JavaThread "Attach Listener" daemon [_thread_blocked, id=5356, stack(0x0000000056a60000,0x0000000056b60000)]
  0x0000000054eb0000 JavaThread "Signal Dispatcher" daemon [_thread_blocked, id=3936, stack(0x00000000567a0000,0x00000000568a0000)]
  0x0000000054e56000 JavaThread "Finalizer" daemon [_thread_blocked, id=3888, stack(0x00000000561e0000,0x00000000562e0000)]
  0x0000000054e4f000 JavaThread "Reference Handler" daemon [_thread_blocked, id=5924, stack(0x0000000056030000,0x0000000056130000)]

Other Threads:
  0x0000000054e4b800 VMThread [stack: 0x0000000055f00000,0x0000000056000000] [id=2472]
  0x0000000056361000 WatcherThread [stack: 0x00000000568f0000,0x00000000569f0000] [id=5468]

VM state:synchronizing (normal execution)

VM Mutex/Monitor currently owned by a thread:  ([mutex/lock_event])
[0x00000000002acab0] Threads_lock - owner thread: 0x0000000054e4b800

Heap:
 PSYoungGen      total 18944K, used 9027K [0x00000000eaf00000, 0x00000000ec400000, 0x0000000100000000)
  eden space 16384K, 39% used [0x00000000eaf00000,0x00000000eb553650,0x00000000ebf00000)
  from space 2560K, 99% used [0x00000000ebf00000,0x00000000ec17d7a0,0x00000000ec180000)
  to   space 2560K, 0% used [0x00000000ec180000,0x00000000ec180000,0x00000000ec400000)
 ParOldGen       total 44032K, used 586K [0x00000000c0c00000, 0x00000000c3700000, 0x00000000eaf00000)
  object space 44032K, 1% used [0x00000000c0c00000,0x00000000c0c92818,0x00000000c3700000)
 Metaspace       used 12832K, capacity 13040K, committed 13312K, reserved 1060864K
  class space    used 1612K, capacity 1715K, committed 1792K, reserved 1048576K

Card table byte_map: [0x0000000011b20000,0x0000000011d20000] byte_map_base: 0x000000001151a000

Marking Bits: (ParMarkBitMap*) 0x000000005a644040
 Begin Bits: [0x0000000012320000, 0x00000000132f0000)
 End Bits:   [0x00000000132f0000, 0x00000000142c0000)

Polling page: 0x0000000000230000

CodeCache: size=245760Kb used=5076Kb max_used=5098Kb free=240683Kb
 bounds [0x0000000002760000, 0x0000000002c60000, 0x0000000011760000]
 total_blobs=2006 nmethods=1526 adapters=392
 compilation: enabled

Compilation events (10 events):
Event: 10.017 Thread 0x00000000562ea800 1522       3       javax.swing.JViewport::scrollRectToVisible (347 bytes)
Event: 10.024 Thread 0x00000000562ea800 nmethod 1522 0x0000000002c4acd0 code [0x0000000002c4b020, 0x0000000002c4d068]
Event: 10.024 Thread 0x00000000562ea800 1523       3       javax.swing.plaf.metal.MetalUtils::drawGradient (59 bytes)
Event: 10.025 Thread 0x00000000562ea800 nmethod 1523 0x0000000002c46c50 code [0x0000000002c46e20, 0x0000000002c47558]
Event: 10.119 Thread 0x00000000562ea800 1524       3       java.awt.Color::equals (27 bytes)
Event: 10.120 Thread 0x00000000562ea800 nmethod 1524 0x0000000002c4df50 code [0x0000000002c4e0c0, 0x0000000002c4e5b0]
Event: 10.123 Thread 0x00000000562ea800 1525       3       sun.java2d.pipe.RegionClipSpanIterator::nextSpan (670 bytes)
Event: 10.128 Thread 0x00000000562ea800 nmethod 1525 0x0000000002c53f50 code [0x0000000002c54280, 0x0000000002c55768]
Event: 10.128 Thread 0x00000000562ea800 1527       3       sun.java2d.pipe.AlphaPaintPipe::renderPathTile (491 bytes)
Event: 10.128 Thread 0x00000000562e8800 nmethod 1501% 0x0000000002c56550 code [0x0000000002c567e0, 0x0000000002c593d8]

GC Heap History (2 events):
Event: 9.306 GC heap before
{Heap before GC invocations=1 (full 0):
 PSYoungGen      total 18944K, used 16384K [0x00000000eaf00000, 0x00000000ec400000, 0x0000000100000000)
  eden space 16384K, 100% used [0x00000000eaf00000,0x00000000ebf00000,0x00000000ebf00000)
  from space 2560K, 0% used [0x00000000ec180000,0x00000000ec180000,0x00000000ec400000)
  to   space 2560K, 0% used [0x00000000ebf00000,0x00000000ebf00000,0x00000000ec180000)
 ParOldGen       total 44032K, used 0K [0x00000000c0c00000, 0x00000000c3700000, 0x00000000eaf00000)
  object space 44032K, 0% used [0x00000000c0c00000,0x00000000c0c00000,0x00000000c3700000)
 Metaspace       used 12618K, capacity 12848K, committed 13056K, reserved 1060864K
  class space    used 1612K, capacity 1715K, committed 1792K, reserved 1048576K
Event: 9.317 GC heap after
Heap after GC invocations=1 (full 0):
 PSYoungGen      total 18944K, used 2549K [0x00000000eaf00000, 0x00000000ec400000, 0x0000000100000000)
  eden space 16384K, 0% used [0x00000000eaf00000,0x00000000eaf00000,0x00000000ebf00000)
  from space 2560K, 99% used [0x00000000ebf00000,0x00000000ec17d7a0,0x00000000ec180000)
  to   space 2560K, 0% used [0x00000000ec180000,0x00000000ec180000,0x00000000ec400000)
 ParOldGen       total 44032K, used 586K [0x00000000c0c00000, 0x00000000c3700000, 0x00000000eaf00000)
  object space 44032K, 1% used [0x00000000c0c00000,0x00000000c0c92818,0x00000000c3700000)
 Metaspace       used 12618K, capacity 12848K, committed 13056K, reserved 1060864K
  class space    used 1612K, capacity 1715K, committed 1792K, reserved 1048576K
}

Deoptimization events (10 events):
Event: 4.129 Thread 0x000000005664c000 Uncommon trap: reason=class_check action=maybe_recompile pc=0x00000000028f35d8 method=java.lang.String.equals(Ljava/lang/Object;)Z @ 8
Event: 4.845 Thread 0x000000005664c000 Uncommon trap: reason=class_check action=maybe_recompile pc=0x00000000028f35d8 method=java.lang.String.equals(Ljava/lang/Object;)Z @ 8
Event: 4.845 Thread 0x000000005664c000 Uncommon trap: reason=class_check action=maybe_recompile pc=0x00000000028f35d8 method=java.lang.String.equals(Ljava/lang/Object;)Z @ 8
Event: 4.994 Thread 0x000000005664c000 Uncommon trap: reason=class_check action=maybe_recompile pc=0x00000000028f35d8 method=java.lang.String.equals(Ljava/lang/Object;)Z @ 8
Event: 9.318 Thread 0x000000005640a000 Uncommon trap: reason=unstable_if action=reinterpret pc=0x0000000002b480d4 method=java.lang.ref.SoftReference.get()Ljava/lang/Object; @ 17
Event: 9.321 Thread 0x000000005664c000 Uncommon trap: reason=unstable_if action=reinterpret pc=0x0000000002ab1a48 method=java.lang.ref.SoftReference.get()Ljava/lang/Object; @ 17
Event: 9.322 Thread 0x000000005664c000 Uncommon trap: reason=unstable_if action=reinterpret pc=0x0000000002b1de70 method=java.lang.ref.SoftReference.get()Ljava/lang/Object; @ 17
Event: 9.485 Thread 0x000000005664c000 Uncommon trap: reason=unstable_if action=reinterpret pc=0x0000000002b1aa0c method=java.lang.ref.SoftReference.get()Ljava/lang/Object; @ 17
Event: 10.124 Thread 0x000000005664c000 Uncommon trap: reason=class_check action=maybe_recompile pc=0x0000000002c13fec method=javax.swing.text.Utilities.getJComponent(Ljavax/swing/text/View;)Ljavax/swing/JComponent; @ 5
Event: 10.125 Thread 0x000000005664c000 Uncommon trap: reason=class_check action=maybe_recompile pc=0x0000000002c13fec method=javax.swing.text.Utilities.getJComponent(Ljavax/swing/text/View;)Ljavax/swing/JComponent; @ 5

Internal exceptions (10 events):
Event: 0.107 Thread 0x00000000002ae800 Exception <a 'java/lang/NoSuchMethodError': Method sun.misc.Unsafe.prefetchRead(Ljava/lang/Object;J)V name or signature does not match> (0x00000000eaf0da50) thrown at [C:\re\workspace\8-2-build-windows-amd64-cygwin\jdk8u45\3627\hotspot\src\share\vm\prims\jm\Ю9?ив?
Event: 0.372 Thread 0x00000000002ae800 Exception <a 'java/lang/NoSuchFieldError': method resolution failed> (0x00000000eb112e60) thrown at [C:\re\workspace\8-2-build-windows-amd64-cygwin\jdk8u45\3627\hotspot\src\share\vm\prims\methodHandles.cpp, line 1125]
Event: 0.378 Thread 0x00000000002ae800 Exception <a 'java/lang/NoSuchFieldError': method resolution failed> (0x00000000eb1215b0) thrown at [C:\re\workspace\8-2-build-windows-amd64-cygwin\jdk8u45\3627\hotspot\src\share\vm\prims\methodHandles.cpp, line 1125]
Event: 0.483 Thread 0x00000000002ae800 Exception <a 'java/security/PrivilegedActionException'> (0x00000000eb1acaa0) thrown at [C:\re\workspace\8-2-build-windows-amd64-cygwin\jdk8u45\3627\hotspot\src\share\vm\prims\jvm.cpp, line 1382]
Event: 0.483 Thread 0x00000000002ae800 Exception <a 'java/security/PrivilegedActionException'> (0x00000000eb1acc58) thrown at [C:\re\workspace\8-2-build-windows-amd64-cygwin\jdk8u45\3627\hotspot\src\share\vm\prims\jvm.cpp, line 1382]
Event: 0.491 Thread 0x00000000002ae800 Exception <a 'java/security/PrivilegedActionException'> (0x00000000eb1b09f0) thrown at [C:\re\workspace\8-2-build-windows-amd64-cygwin\jdk8u45\3627\hotspot\src\share\vm\prims\jvm.cpp, line 1382]
Event: 0.491 Thread 0x00000000002ae800 Exception <a 'java/security/PrivilegedActionException'> (0x00000000eb1b0ba8) thrown at [C:\re\workspace\8-2-build-windows-amd64-cygwin\jdk8u45\3627\hotspot\src\share\vm\prims\jvm.cpp, line 1382]
Event: 0.514 Thread 0x00000000002ae800 Exception <a 'java/io/FileNotFoundException'> (0x00000000eb1b6248) thrown at [C:\re\workspace\8-2-build-windows-amd64-cygwin\jdk8u45\3627\hotspot\src\share\vm\prims\jni.cpp, line 709]
Event: 0.669 Thread 0x000000005664c000 Exception <a 'java/io/FileNotFoundException'> (0x00000000eb24e330) thrown at [C:\re\workspace\8-2-build-windows-amd64-cygwin\jdk8u45\3627\hotspot\src\share\vm\prims\jni.cpp, line 709]
Event: 0.772 Thread 0x000000005664c000 Implicit null exception at 0x00000000028cb0cb to 0x00000000028cb27d

Events (10 events):
Event: 9.672 Thread 0x000000005664c000 DEOPT UNPACKING pc=0x00000000027a787f sp=0x000000005827bc48 mode 0
Event: 9.768 Thread 0x000000005664c000 DEOPT PACKING pc=0x0000000002a9d7f6 sp=0x000000005827bf30
Event: 9.768 Thread 0x000000005664c000 DEOPT UNPACKING pc=0x00000000027a787f sp=0x000000005827bc70 mode 0
Event: 10.124 Thread 0x000000005664c000 Uncommon trap: trap_request=0xffffffde fr.pc=0x0000000002c13fec
Event: 10.125 Thread 0x000000005664c000 DEOPT PACKING pc=0x0000000002c13fec sp=0x000000005827bd60
Event: 10.125 Thread 0x000000005664c000 DEOPT UNPACKING pc=0x00000000027a582a sp=0x000000005827bc70 mode 2
Event: 10.125 Thread 0x000000005664c000 Uncommon trap: trap_request=0xffffffde fr.pc=0x0000000002c13fec
Event: 10.125 Thread 0x000000005664c000 DEOPT PACKING pc=0x0000000002c13fec sp=0x000000005827bd60
Event: 10.125 Thread 0x000000005664c000 DEOPT UNPACKING pc=0x00000000027a582a sp=0x000000005827bc70 mode 2
Event: 10.129 Executing VM operation: RevokeBias


Dynamic libraries:
0x000000013f290000 - 0x000000013f2c7000 	C:\Program Files\Java\jdk1.8.0_45\bin\java.exe
0x0000000077b70000 - 0x0000000077d19000 	C:\Windows\SYSTEM32\ntdll.dll
0x0000000077a50000 - 0x0000000077b6f000 	C:\Windows\system32\kernel32.dll
0x000007fefe230000 - 0x000007fefe29c000 	C:\Windows\system32\KERNELBASE.dll
0x000007fefe440000 - 0x000007fefe51b000 	C:\Windows\system32\ADVAPI32.dll
0x000007fefe3a0000 - 0x000007fefe43f000 	C:\Windows\system32\msvcrt.dll
0x000007feff940000 - 0x000007feff95f000 	C:\Windows\SYSTEM32\sechost.dll
0x000007fefe5d0000 - 0x000007fefe6fd000 	C:\Windows\system32\RPCRT4.dll
0x0000000077740000 - 0x000000007783a000 	C:\Windows\system32\USER32.dll
0x000007feffde0000 - 0x000007feffe47000 	C:\Windows\system32\GDI32.dll
0x000007fefe5c0000 - 0x000007fefe5ce000 	C:\Windows\system32\LPK.dll
0x000007feff5d0000 - 0x000007feff699000 	C:\Windows\system32\USP10.dll
0x000007fefd0b0000 - 0x000007fefd2a4000 	C:\Windows\WinSxS\amd64_microsoft.windows.common-controls_6595b64144ccf1df_6.0.7601.17514_none_fa396087175ac9ac\COMCTL32.dll
0x000007feffa70000 - 0x000007feffae1000 	C:\Windows\system32\SHLWAPI.dll
0x000007feffe50000 - 0x000007feffe7e000 	C:\Windows\system32\IMM32.DLL
0x000007feff960000 - 0x000007feffa69000 	C:\Windows\system32\MSCTF.dll
0x000000006a8d0000 - 0x000000006a9a2000 	C:\Program Files\Java\jdk1.8.0_45\jre\bin\msvcr100.dll
0x0000000059e40000 - 0x000000005a6c3000 	C:\Program Files\Java\jdk1.8.0_45\jre\bin\server\jvm.dll
0x000007fee9e80000 - 0x000007fee9e89000 	C:\Windows\system32\WSOCK32.dll
0x000007fefe770000 - 0x000007fefe7bd000 	C:\Windows\system32\WS2_32.dll
0x000007fefe700000 - 0x000007fefe708000 	C:\Windows\system32\NSI.dll
0x000007fefb8d0000 - 0x000007fefb90b000 	C:\Windows\system32\WINMM.dll
0x000007fefcd80000 - 0x000007fefcd8c000 	C:\Windows\system32\VERSION.dll
0x0000000077d30000 - 0x0000000077d37000 	C:\Windows\system32\PSAPI.DLL
0x0000000075040000 - 0x000000007504f000 	C:\Program Files\Java\jdk1.8.0_45\jre\bin\verify.dll
0x00000000704d0000 - 0x00000000704f9000 	C:\Program Files\Java\jdk1.8.0_45\jre\bin\java.dll
0x0000000070320000 - 0x0000000070336000 	C:\Program Files\Java\jdk1.8.0_45\jre\bin\zip.dll
0x000007fefe840000 - 0x000007feff5c8000 	C:\Windows\system32\SHELL32.dll
0x000007feffaf0000 - 0x000007feffcf3000 	C:\Windows\system32\ole32.dll
0x000007fefdfd0000 - 0x000007fefdfdf000 	C:\Windows\system32\profapi.dll
0x0000000061360000 - 0x00000000614f8000 	C:\Program Files\Java\jdk1.8.0_45\jre\bin\awt.dll
0x000007feffd00000 - 0x000007feffdd7000 	C:\Windows\system32\OLEAUT32.dll
0x0000000180000000 - 0x000000018003b000 	C:\Windows\W7FBC\dll.dll
0x000007fefe520000 - 0x000007fefe5b7000 	C:\Windows\system32\COMDLG32.dll
0x000007fefc710000 - 0x000007fefc766000 	C:\Windows\system32\UxTheme.dll
0x000007fefc4f0000 - 0x000007fefc706000 	C:\Windows\WinSxS\amd64_microsoft.windows.gdiplus_6595b64144ccf1df_1.1.7601.17825_none_2b253c8271ec7765\gdiplus.dll
0x000007fefdf00000 - 0x000007fefdf0f000 	C:\Windows\system32\CRYPTBASE.dll
0x000007fefc2e0000 - 0x000007fefc2f8000 	C:\Windows\system32\DWMAPI.DLL
0x000000006d970000 - 0x000000006d9b7000 	C:\Program Files\Java\jdk1.8.0_45\jre\bin\fontmanager.dll
0x000000006dfd0000 - 0x000000006dfea000 	C:\Program Files\Java\jdk1.8.0_45\jre\bin\net.dll
0x000007fefd840000 - 0x000007fefd895000 	C:\Windows\system32\mswsock.dll
0x000007fefd830000 - 0x000007fefd837000 	C:\Windows\System32\wship6.dll
0x000000006df40000 - 0x000000006df51000 	C:\Program Files\Java\jdk1.8.0_45\jre\bin\nio.dll
0x000000006aa40000 - 0x000000006aa81000 	C:\Program Files\Java\jdk1.8.0_45\jre\bin\t2k.dll
0x000007fefb9c0000 - 0x000007fefb9db000 	C:\Users\Guru Sarath\AppData\Local\Temp\1511603064033-jSerialComm.dll
0x0000000012160000 - 0x00000000121c5000 	C:\Program Files\WIDCOMM\Bluetooth Software\btmmhook.dll
0x000007feff6c0000 - 0x000007feff759000 	C:\Windows\system32\CLBCatQ.DLL
0x000007fefc170000 - 0x000007fefc29a000 	C:\Windows\system32\WindowsCodecs.dll
0x000007fefdea0000 - 0x000007fefdef7000 	C:\Windows\system32\apphelp.dll
0x000000006dc90000 - 0x000000006de41000 	C:\Program Files\AVAST Software\Avast\ashShA64.dll
0x000007fef52d0000 - 0x000007fef52d3000 	C:\Windows\system32\api-ms-win-core-synch-l1-2-0.DLL
0x000007fef9a10000 - 0x000007fef9d26000 	C:\Windows\system32\msi.dll
0x000007fef5290000 - 0x000007fef52c5000 	C:\Windows\system32\EhStorShell.dll
0x000007feff760000 - 0x000007feff937000 	C:\Windows\system32\SETUPAPI.dll
0x000007fefe2a0000 - 0x000007fefe2d6000 	C:\Windows\system32\CFGMGR32.dll
0x000007fefe380000 - 0x000007fefe39a000 	C:\Windows\system32\DEVOBJ.dll
0x000007fefc770000 - 0x000007fefc89c000 	C:\Windows\system32\PROPSYS.dll
0x000007fef5210000 - 0x000007fef5290000 	C:\Windows\system32\ntshrui.dll
0x000007fefdc00000 - 0x000007fefdc23000 	C:\Windows\system32\srvcli.dll
0x000007fef62d0000 - 0x000007fef62df000 	C:\Windows\system32\cscapi.dll
0x000007fefb6b0000 - 0x000007fefb6bb000 	C:\Windows\system32\slc.dll
0x0000000056180000 - 0x00000000561b8000 	C:\Program Files\WIDCOMM\Bluetooth Software\btkeyind.dll
0x000007feef1d0000 - 0x000007feef2f5000 	C:\Windows\system32\dbghelp.dll

VM Arguments:
jvm_args: -Dfile.encoding=UTF-8 
java_command: swing_serialcomm.Swing_SerialComm
java_class_path (initial): C:\Users\Guru Sarath\Documents\NetBeansProjects\jSerialComm-1.3.11.jar;C:\Users\Guru Sarath\Documents\NetBeansProjects\Swing_SerialComm\build\classes
Launcher Type: SUN_STANDARD

Environment Variables:
CLASSPATH=.;C:\Program Files (x86)\Java\jre7\lib\ext\QTJava.zip
PATH=C:\ProgramData\Oracle\Java\javapath;C:\Program Files (x86)\PC Connectivity Solution\;C:\Program Files (x86)\HP SimplePass 2011\x64;C:\Program Files (x86)\HP SimplePass 2011\;C:\Program Files\Broadcom\Broadcom 802.11\Driver;C:\Program Files\Common Files\Microsoft Shared\Windows Live;C:\Program Files (x86)\Common Files\Microsoft Shared\Windows Live;C:\Windows\system32;C:\Windows;C:\Windows\System32\Wbem;C:\Windows\System32\WindowsPowerShell\v1.0\;C:\Program Files (x86)\Windows Live\Shared;C:\Program Files (x86)\ATI Technologies\ATI.ACE\Core-Static;C:\Program Files\WIDCOMM\Bluetooth Software\;C:\Program Files\WIDCOMM\Bluetooth Software\syswow64;C:\Program Files\Broadcom\WHL\;C:\Program Files\Broadcom\WHL\syswow64;C:\Program Files\Broadcom\WHL\SysWow64\;C:\Program Files\Broadcom\WHL\SysWow64\syswow64;C:\Program Files (x86)\Intel\Services\IPT\;C:\Program Files (x86)\QuickTime\QTSystem\;C:\CodeBlocks\MinGW\bin;C:\Xilinx91i\bin\nt64;C:\Program Files (x86)\Flash Magic;C:\Xilinx92i_safemode\bin\nt;C:\MATLAB7\bin\win32;C:\Program Files (x86)\Common Files\lenovo\easyplussdk\bin;C:\php;
USERNAME=Guru Sarath
OS=Windows_NT
PROCESSOR_IDENTIFIER=Intel64 Family 6 Model 42 Stepping 7, GenuineIntel



---------------  S Y S T E M  ---------------

OS: Windows 7 , 64 bit Build 7601 (6.1.7601.17651)

CPU:total 4 (2 cores per cpu, 2 threads per core) family 6 model 42 stepping 7, cmov, cx8, fxsr, mmx, sse, sse2, sse3, ssse3, sse4.1, sse4.2, popcnt, avx, clmul, ht, tsc, tscinvbit

Memory: 4k page, physical 4140912k(1606788k free), swap 8279972k(5018216k free)

vm_info: Java HotSpot(TM) 64-Bit Server VM (25.45-b02) for windows-amd64 JRE (1.8.0_45-b15), built on Apr 30 2015 12:40:44 by "java_re" with MS VC++ 10.0 (VS2010)

time: Sat Nov 25 15:14:32 2017
elapsed time: 10 seconds (0d 0h 0m 10s)

